Test file for 3-say_myname.py
-----------------------------

Test: 'say_name("jen", "ben"')
>>> say_name = __import__('3-say_my_name').say_my_name
>>> say_name("jen", "ben")
My name is jen ben

Test: 'say_name("jen")'
>>> say_name("jen")
My name is jen

Test: 'say_name("")'
>>> say_name("")
My name is 

Test: 'say_name(42)'
>> say_name(42)
Traceback (most recent call last):
        ...
TypeError: firat_name must be string

Test: 'say_name("simon", 32)'
>>> say_name("simon", 32)
Traceback (most recent call last):
        ...
TypeError: last_name must be string

Test: 'say_name()'
>>> say_name()
Traceback (most recent call last):
        ...
TypeError: say_my_name() missing 1 required positional argument: 'first_name'
